<?xml version="1.0" encoding="UTF-8"?>
<testsuite xmlns:xsi="http://www.w3.org/2001/XMLSchema-instance" xsi:noNamespaceSchemaLocation="https://maven.apache.org/surefire/maven-surefire-plugin/xsd/surefire-test-report.xsd" name="com.hong.webservice.weather.AppTest" time="0.037" tests="1" errors="0" skipped="0" failures="0">
  <properties>
    <property name="sun.desktop" value="windows"/>
    <property name="awt.toolkit" value="sun.awt.windows.WToolkit"/>
    <property name="file.encoding.pkg" value="sun.io"/>
    <property name="java.specification.version" value="1.8"/>
    <property name="sun.cpu.isalist" value="amd64"/>
    <property name="sun.jnu.encoding" value="GBK"/>
    <property name="java.class.path" value="E:\workspace\ideaU\JavaCornStudy\weatherWS\target\test-classes;E:\workspace\ideaU\JavaCornStudy\weatherWS\target\classes;E:\repository\junit\junit\4.11\junit-4.11.jar;E:\repository\org\hamcrest\hamcrest-core\1.3\hamcrest-core-1.3.jar;E:\repository\wsdl4j\wsdl4j\1.6.3\wsdl4j-1.6.3.jar;E:\repository\javax\activation\activation\1.1.1\activation-1.1.1.jar;E:\repository\org\apache\axis\axis-ant\1.4\axis-ant-1.4.jar;E:\repository\org\apache\axis\axis\1.4\axis-1.4.jar;E:\repository\commons-discovery\commons-discovery\0.2\commons-discovery-0.2.jar;E:\repository\commons-logging\commons-logging\1.2\commons-logging-1.2.jar;E:\repository\org\apache\axis\axis-jaxrpc\1.4\axis-jaxrpc-1.4.jar;E:\repository\log4j\log4j\1.2.17\log4j-1.2.17.jar;E:\repository\javax\mail\mail\1.4.7\mail-1.4.7.jar;E:\repository\javax\xml\soap\saaj-api\1.3.5\saaj-api-1.3.5.jar;"/>
    <property name="java.vm.vendor" value="Oracle Corporation"/>
    <property name="sun.arch.data.model" value="64"/>
    <property name="user.variant" value=""/>
    <property name="java.vendor.url" value="http://java.oracle.com/"/>
    <property name="user.timezone" value="Asia/Shanghai"/>
    <property name="java.vm.specification.version" value="1.8"/>
    <property name="os.name" value="Windows 8.1"/>
    <property name="user.country" value="CN"/>
    <property name="sun.java.launcher" value="SUN_STANDARD"/>
    <property name="sun.boot.library.path" value="D:\javatool\jdk1.8\jre\bin"/>
    <property name="sun.java.command" value="C:\Users\MAKEFO~1\AppData\Local\Temp\surefire692086581871625833\surefirebooter2347162559973428563.jar C:\Users\makefoxrush\AppData\Local\Temp\surefire692086581871625833 2019-11-13T18-37-40_120-jvmRun1 surefire7199504937847702923tmp surefire_08559075616742962290tmp"/>
    <property name="surefire.test.class.path" value="E:\workspace\ideaU\JavaCornStudy\weatherWS\target\test-classes;E:\workspace\ideaU\JavaCornStudy\weatherWS\target\classes;E:\repository\junit\junit\4.11\junit-4.11.jar;E:\repository\org\hamcrest\hamcrest-core\1.3\hamcrest-core-1.3.jar;E:\repository\wsdl4j\wsdl4j\1.6.3\wsdl4j-1.6.3.jar;E:\repository\javax\activation\activation\1.1.1\activation-1.1.1.jar;E:\repository\org\apache\axis\axis-ant\1.4\axis-ant-1.4.jar;E:\repository\org\apache\axis\axis\1.4\axis-1.4.jar;E:\repository\commons-discovery\commons-discovery\0.2\commons-discovery-0.2.jar;E:\repository\commons-logging\commons-logging\1.2\commons-logging-1.2.jar;E:\repository\org\apache\axis\axis-jaxrpc\1.4\axis-jaxrpc-1.4.jar;E:\repository\log4j\log4j\1.2.17\log4j-1.2.17.jar;E:\repository\javax\mail\mail\1.4.7\mail-1.4.7.jar;E:\repository\javax\xml\soap\saaj-api\1.3.5\saaj-api-1.3.5.jar;"/>
    <property name="sun.cpu.endian" value="little"/>
    <property name="user.home" value="C:\Users\makefoxrush"/>
    <property name="user.language" value="zh"/>
    <property name="java.specification.vendor" value="Oracle Corporation"/>
    <property name="java.home" value="D:\javatool\jdk1.8\jre"/>
    <property name="basedir" value="E:\workspace\ideaU\JavaCornStudy\weatherWS"/>
    <property name="file.separator" value="\"/>
    <property name="line.separator" value="&#10;"/>
    <property name="java.vm.specification.vendor" value="Oracle Corporation"/>
    <property name="java.specification.name" value="Java Platform API Specification"/>
    <property name="java.awt.graphicsenv" value="sun.awt.Win32GraphicsEnvironment"/>
    <property name="surefire.real.class.path" value="C:\Users\MAKEFO~1\AppData\Local\Temp\surefire692086581871625833\surefirebooter2347162559973428563.jar"/>
    <property name="sun.boot.class.path" value="D:\javatool\jdk1.8\jre\lib\resources.jar;D:\javatool\jdk1.8\jre\lib\rt.jar;D:\javatool\jdk1.8\jre\lib\sunrsasign.jar;D:\javatool\jdk1.8\jre\lib\jsse.jar;D:\javatool\jdk1.8\jre\lib\jce.jar;D:\javatool\jdk1.8\jre\lib\charsets.jar;D:\javatool\jdk1.8\jre\lib\jfr.jar;D:\javatool\jdk1.8\jre\classes"/>
    <property name="user.script" value=""/>
    <property name="sun.management.compiler" value="HotSpot 64-Bit Tiered Compilers"/>
    <property name="java.runtime.version" value="1.8.0_31-b13"/>
    <property name="user.name" value="makefoxrush"/>
    <property name="path.separator" value=";"/>
    <property name="os.version" value="6.3"/>
    <property name="java.endorsed.dirs" value="D:\javatool\jdk1.8\jre\lib\endorsed"/>
    <property name="java.runtime.name" value="Java(TM) SE Runtime Environment"/>
    <property name="file.encoding" value="GBK"/>
    <property name="java.vm.name" value="Java HotSpot(TM) 64-Bit Server VM"/>
    <property name="localRepository" value="E:\repository"/>
    <property name="java.vendor.url.bug" value="http://bugreport.sun.com/bugreport/"/>
    <property name="java.io.tmpdir" value="C:\Users\MAKEFO~1\AppData\Local\Temp\"/>
    <property name="java.version" value="1.8.0_31"/>
    <property name="user.dir" value="E:\workspace\ideaU\JavaCornStudy\weatherWS"/>
    <property name="os.arch" value="amd64"/>
    <property name="java.vm.specification.name" value="Java Virtual Machine Specification"/>
    <property name="java.awt.printerjob" value="sun.awt.windows.WPrinterJob"/>
    <property name="sun.os.patch.level" value=""/>
    <property name="java.library.path" value="D:\javatool\jdk1.8\jre\bin;C:\WINDOWS\Sun\Java\bin;C:\WINDOWS\system32;C:\WINDOWS;E:\development\oracledb\virtual\product\12.2.0\dbhome_1\bin;C:\WINDOWS\system32;C:\WINDOWS;C:\WINDOWS\System32\Wbem;C:\WINDOWS\System32\WindowsPowerShell\v1.0\;D:\Program Files (x86)\Git\cmd;C:\Program Files (x86)\NVIDIA Corporation\PhysX\Common;C:\Users\makefoxrush\.dnx\bin;C:\Program Files\Microsoft DNX\Dnvm\;C:\Program Files (x86)\Windows Kits\8.1\Windows Performance Toolkit\;C:\Program Files (x86)\nodejs\;C:\Program Files\Microsoft SQL Server\130\Tools\Binn\;D:\javatool\jdk1.8\bin;D:\javatool\jdk1.8\jre\bin;D:\javatool\apache-maven-3.2.3\bin;C:\Users\makefoxrush\AppData\Local\Microsoft\WindowsApps;;D:\Program Files (x86)\Fiddler;C:\Users\makefoxrush\AppData\Roaming\npm;D:\javatool\JetBrains\ideaC20190204\bin;;E:\development\VSCode\bin;."/>
    <property name="java.vm.info" value="mixed mode"/>
    <property name="java.vendor" value="Oracle Corporation"/>
    <property name="java.vm.version" value="25.31-b07"/>
    <property name="java.ext.dirs" value="D:\javatool\jdk1.8\jre\lib\ext;C:\WINDOWS\Sun\Java\lib\ext"/>
    <property name="sun.io.unicode.encoding" value="UnicodeLittle"/>
    <property name="java.class.version" value="52.0"/>
  </properties>
  <testcase name="shouldAnswerWithTrue" classname="com.hong.webservice.weather.AppTest" time="0.002"/>
</testsuite>